2024-09-02 21:26:46,053 INFO o.t.i.Utils [main] [TestNG] Running:
  C:\Users\91865\git\BasicTestFramework\Temelio\testng.xml

2024-09-02 21:27:45,364 INFO o.t.i.Utils [main] [TestNG] Running:
  C:\Users\91865\git\BasicTestFramework\Temelio\testng.xml

2024-09-02 21:30:34,809 INFO o.t.i.Utils [main] [TestNG] Running:
  C:\Users\91865\git\BasicTestFramework\Temelio\testng.xml

2024-09-02 21:37:44,868 INFO o.t.i.Utils [main] [TestNG] Running:
  C:\Users\91865\git\BasicTestFramework\Temelio\testng.xml

2024-09-02 21:37:59,857 INFO o.t.i.Utils [main] [TestNG] Running:
  C:\Users\91865\git\BasicTestFramework\Temelio\testng.xml

2024-09-02 23:20:47,421 INFO o.t.i.Utils [main] [TestNG] Running:
  C:\Users\91865\git\BasicTestFramework\Temelio\testng.xml

2024-09-02 23:20:56,760 INFO o.t.i.Utils [main] [TestNG] Running:
  C:\Users\91865\git\BasicTestFramework\Temelio\testng.xml

2024-09-02 23:21:40,462 INFO o.t.i.Utils [main] [TestNG] Running:
  C:\Users\91865\git\BasicTestFramework\Temelio\testng.xml

2024-09-02 23:21:57,474 INFO t.TC02_AddTeamMember [main] **** 2nd TestCase Started ****
2024-09-02 23:22:07,954 INFO t.TC02_AddTeamMember [main] adding details of Member:
2024-09-02 23:22:09,748 INFO t.TC02_AddTeamMember [main] Validating email added or not**
2024-09-02 23:22:09,782 INFO t.TC02_AddTeamMember [main] ***** TC02 Finished! *****
2024-09-02 23:22:23,759 INFO t.TC03_verifyNameOnAddingOfDuplicateEmail [main] **** 3rd testCase started... ****
2024-09-02 23:22:38,554 INFO t.TC03_verifyNameOnAddingOfDuplicateEmail [main] Validating if name is updated/lost on existing email-
2024-09-02 23:22:38,597 INFO t.TC03_verifyNameOnAddingOfDuplicateEmail [main] * TC03 Finished! *
2024-09-02 23:22:38,597 INFO t.TC03_verifyNameOnAddingOfDuplicateEmail [main] error:java.lang.AssertionError: expected [che3] but found [che32024.09.02.23.22.34]
2024-09-02 23:25:17,679 INFO o.t.i.Utils [main] [TestNG] Running:
  C:\Users\91865\git\BasicTestFramework\Temelio\testng.xml

2024-09-02 23:25:28,042 INFO t.TC03_verifyNameOnAddingOfDuplicateEmail [main] **** 3rd testCase started... ****
2024-09-02 23:25:43,170 INFO t.TC03_verifyNameOnAddingOfDuplicateEmail [main] Validating if name is updated/lost on existing email-
2024-09-02 23:25:43,214 INFO t.TC03_verifyNameOnAddingOfDuplicateEmail [main] * TC03 Finished! *
2024-09-02 23:25:43,214 INFO t.TC03_verifyNameOnAddingOfDuplicateEmail [main] error:java.lang.AssertionError: expected [che32024.09.02.23.22.34] but found [che32024.09.02.23.25.38]
2024-09-02 23:29:05,030 INFO o.t.i.Utils [main] [TestNG] Running:
  C:\Users\91865\git\BasicTestFramework\Temelio\testng.xml

2024-09-02 23:29:18,030 INFO t.TC03_verifyNameOnAddingOfDuplicateEmail [main] **** 3rd testCase started... ****
2024-09-02 23:29:33,003 INFO t.TC03_verifyNameOnAddingOfDuplicateEmail [main] Validating if name is updated/lost on existing email-
2024-09-02 23:29:33,050 INFO t.TC03_verifyNameOnAddingOfDuplicateEmail [main] * TC03 Finished! *
2024-09-02 23:29:33,051 INFO t.TC03_verifyNameOnAddingOfDuplicateEmail [main] error:java.lang.AssertionError: expected [che32024.09.02.23.25.38] but found [che32024.09.02.23.29.28]
2024-09-02 23:33:23,731 INFO o.t.i.Utils [main] [TestNG] Running:
  C:\Users\91865\git\BasicTestFramework\Temelio\testng.xml

2024-09-02 23:33:34,138 INFO t.TC03_verifyNameOnAddingOfDuplicateEmail [main] **** 3rd testCase started... ****
2024-09-02 23:33:49,322 INFO t.TC03_verifyNameOnAddingOfDuplicateEmail [main] Validating if name is updated/lost on existing email-
2024-09-02 23:33:49,364 INFO t.TC03_verifyNameOnAddingOfDuplicateEmail [main] * TC03 Finished! *
2024-09-02 23:33:49,364 INFO t.TC03_verifyNameOnAddingOfDuplicateEmail [main] error:java.lang.AssertionError: expected [che32024.09.02.23.29.28] but found [che32024.09.02.23.33.44]
2024-09-02 23:38:18,163 INFO o.t.i.Utils [main] [TestNG] Running:
  C:\Users\91865\git\BasicTestFramework\Temelio\testng.xml

2024-09-02 23:38:27,800 INFO t.TC03_verifyNameOnAddingOfDuplicateEmail [main] **** 3rd testCase started... ****
2024-09-02 23:38:42,705 INFO t.TC03_verifyNameOnAddingOfDuplicateEmail [main] Validating if name is updated/lost on existing email-
2024-09-02 23:38:42,737 INFO t.TC03_verifyNameOnAddingOfDuplicateEmail [main] * TC03 Finished! *
2024-09-02 23:38:42,737 INFO t.TC03_verifyNameOnAddingOfDuplicateEmail [main] error:java.lang.AssertionError: expected [che32024.09.02.23.33.44] but found [che32024.09.02.23.38.38]
2024-09-02 23:41:21,456 INFO o.t.i.Utils [main] [TestNG] Running:
  C:\Users\91865\git\BasicTestFramework\Temelio\testng.xml

2024-09-02 23:41:31,284 INFO t.TC03_verifyNameOnAddingOfDuplicateEmail [main] **** 3rd testCase started... ****
2024-09-02 23:41:46,510 INFO t.TC03_verifyNameOnAddingOfDuplicateEmail [main] Validating if name is updated/lost on existing email-
2024-09-02 23:41:46,553 INFO t.TC03_verifyNameOnAddingOfDuplicateEmail [main] * TC03 Finished! *
2024-09-02 23:41:46,553 INFO t.TC03_verifyNameOnAddingOfDuplicateEmail [main] error:java.lang.AssertionError: expected [che32024.09.02.23.38.38] but found [che32024.09.02.23.41.41]
